<?xml version="1.0" encoding="UTF-8"?>
<testsuites name="CalculatorTestSuite" time="7" tests="1" failures="0" errors="0">
   <testsuite name="CalculatorTestSuite" tests="1" failures="0" errors="0" time="7" timestamp="2019-01-03 18:52:29" hostname="sarbarua - WKWIN5355264.global.publicisgroupe.net" id="Test Suites/CalculatorTestSuite">
      <properties>
         <property name="deviceName" value=""/>
         <property name="devicePlatform" value=""/>
         <property name="logFolder" value="C:\\Users\\sbaru1\\Katalon Studio\\TestProject1\\Reports\\CalculatorTestSuite\\20190103_185223"/>
         <property name="logFiles" value="C:\\Users\\sbaru1\\Katalon Studio\\TestProject1\\Reports\\CalculatorTestSuite\\20190103_185223\\execution0.log"/>
         <property name="attachments" value=""/>
         <property name="hostName" value="sarbarua - WKWIN5355264.global.publicisgroupe.net"/>
         <property name="hostAddress" value="10.150.124.114"/>
         <property name="os" value="Windows 7 64bit"/>
         <property name="katalonVersion" value="5.10.0.1"/>
      </properties>
      <testcase name="Test Cases/CalculaltorTests/Addition" classname="Test Cases/CalculaltorTests/Addition" status="PASSED">
         <system-out><![CDATA[2019-01-03 18:52:29 - [TEST_CASE][PASSED] - Test Cases/CalculaltorTests/Addition: Test Cases/CalculaltorTests/Addition

2019-01-03 18:52:30 - [TEST_STEP][PASSED] - sendRequest(findTestObject("CalculatorSOAPService/Addition")): Send request successfully

2019-01-03 18:52:34 - [MESSAGE][PASSED] - Send request successfully

2019-01-03 18:52:34 - [TEST_STEP][PASSED] - Response = sendRequestAndVerify(findTestObject("CalculatorSOAPService/Addition")): Send request and verify the response successfully

2019-01-03 18:52:35 - [TEST_CASE][PASSED] - Start Test Case : Verification: Verification accomplished successfully

2019-01-03 18:52:35 - [TEST_STEP][PASSED] - request = getInstance().getCurrentRequest(): null

2019-01-03 18:52:35 - [TEST_STEP][PASSED] - response = getInstance().getCurrentResponse(): null

2019-01-03 18:52:35 - [TEST_STEP][PASSED] - verifyResponseStatusCode(response, 200): Verify response status code successfully

2019-01-03 18:52:35 - [MESSAGE][PASSED] - Verify response status code successfully

2019-01-03 18:52:35 - [TEST_STEP][PASSED] - getStatusCode()).isEqualTo(200): null

2019-01-03 18:52:36 - [TEST_STEP][PASSED] - getResponseText()).contains("AddResult"): null

2019-01-03 18:52:36 - [MESSAGE][PASSED] - Verify response successfully

2019-01-03 18:52:36 - [MESSAGE][PASSED] - Send request and verify the response successfully]]></system-out>
         <system-err><![CDATA[]]></system-err>
      </testcase>
      <system-out><![CDATA[2019-01-03 18:52:29 - [TEST_SUITE][PASSED] - CalculatorTestSuite: Test Cases/CalculaltorTests/Addition]]></system-out>
      <system-err><![CDATA[]]></system-err>
   </testsuite>
</testsuites>
